<?xml version="1.0" encoding="UTF-8"?>
<coverage generated="1763911202009" clover="3.2.0">
  <project timestamp="1763911202009" name="All files">
    <metrics statements="59" coveredstatements="31" conditionals="63" coveredconditionals="38" methods="21" coveredmethods="13" elements="143" coveredelements="82" complexity="0" loc="59" ncloc="59" packages="1" files="4" classes="4"/>
    <file name="deckExportImport.ts" path="/Users/sho/Desktop/collapsevtt/collapse_web/src/utils/deckExportImport.ts">
      <metrics statements="26" coveredstatements="17" conditionals="35" coveredconditionals="33" methods="8" coveredmethods="6"/>
      <line num="15" count="5" type="cond" truecount="4" falsecount="0"/>
      <line num="17" count="6" type="stmt"/>
      <line num="18" count="3" type="stmt"/>
      <line num="20" count="3" type="stmt"/>
      <line num="22" count="3" type="cond" truecount="4" falsecount="0"/>
      <line num="24" count="6" type="cond" truecount="2" falsecount="0"/>
      <line num="26" count="3" type="cond" truecount="4" falsecount="0"/>
      <line num="27" count="4" type="cond" truecount="2" falsecount="0"/>
      <line num="28" count="2" type="stmt"/>
      <line num="31" count="3" type="cond" truecount="4" falsecount="0"/>
      <line num="32" count="3" type="cond" truecount="2" falsecount="0"/>
      <line num="33" count="2" type="stmt"/>
      <line num="36" count="3" type="cond" truecount="2" falsecount="0"/>
      <line num="37" count="3" type="cond" truecount="2" falsecount="0"/>
      <line num="38" count="3" type="cond" truecount="2" falsecount="2"/>
      <line num="41" count="3" type="cond" truecount="5" falsecount="0"/>
      <line num="43" count="2" type="stmt"/>
      <line num="47" count="0" type="stmt"/>
      <line num="48" count="0" type="stmt"/>
      <line num="49" count="0" type="stmt"/>
      <line num="50" count="0" type="stmt"/>
      <line num="51" count="0" type="stmt"/>
      <line num="52" count="0" type="stmt"/>
      <line num="53" count="0" type="stmt"/>
      <line num="54" count="0" type="stmt"/>
      <line num="55" count="0" type="stmt"/>
    </file>
    <file name="grouping.ts" path="/Users/sho/Desktop/collapsevtt/collapse_web/src/utils/grouping.ts">
      <metrics statements="5" coveredstatements="5" conditionals="2" coveredconditionals="2" methods="3" coveredmethods="3"/>
      <line num="6" count="2" type="stmt"/>
      <line num="7" count="5" type="cond" truecount="2" falsecount="0"/>
      <line num="8" count="5" type="stmt"/>
      <line num="15" count="3" type="stmt"/>
      <line num="16" count="3" type="stmt"/>
    </file>
    <file name="modCapacity.ts" path="/Users/sho/Desktop/collapsevtt/collapse_web/src/utils/modCapacity.ts">
      <metrics statements="9" coveredstatements="9" conditionals="6" coveredconditionals="3" methods="4" coveredmethods="4"/>
      <line num="5" count="1" type="stmt"/>
      <line num="6" count="5" type="stmt"/>
      <line num="7" count="10" type="cond" truecount="1" falsecount="1"/>
      <line num="8" count="10" type="cond" truecount="1" falsecount="1"/>
      <line num="9" count="10" type="stmt"/>
      <line num="12" count="1" type="stmt"/>
      <line num="13" count="6" type="stmt"/>
      <line num="14" count="4" type="cond" truecount="1" falsecount="1"/>
      <line num="15" count="4" type="stmt"/>
    </file>
    <file name="playFlow.ts" path="/Users/sho/Desktop/collapsevtt/collapse_web/src/utils/playFlow.ts">
      <metrics statements="19" coveredstatements="0" conditionals="20" coveredconditionals="0" methods="6" coveredmethods="0"/>
      <line num="5" count="0" type="cond" truecount="0" falsecount="4"/>
      <line num="6" count="0" type="stmt"/>
      <line num="16" count="0" type="cond" truecount="0" falsecount="2"/>
      <line num="17" count="0" type="stmt"/>
      <line num="18" count="0" type="stmt"/>
      <line num="20" count="0" type="cond" truecount="0" falsecount="2"/>
      <line num="21" count="0" type="stmt"/>
      <line num="22" count="0" type="stmt"/>
      <line num="26" count="0" type="cond" truecount="0" falsecount="2"/>
      <line num="27" count="0" type="stmt"/>
      <line num="28" count="0" type="cond" truecount="0" falsecount="2"/>
      <line num="31" count="0" type="cond" truecount="0" falsecount="2"/>
      <line num="32" count="0" type="cond" truecount="0" falsecount="2"/>
      <line num="33" count="0" type="cond" truecount="0" falsecount="2"/>
      <line num="34" count="0" type="stmt"/>
      <line num="35" count="0" type="stmt"/>
      <line num="39" count="0" type="cond" truecount="0" falsecount="2"/>
      <line num="40" count="0" type="stmt"/>
      <line num="44" count="0" type="stmt"/>
    </file>
  </project>
</coverage>
