{"/Users/sho/Desktop/collapsevtt/collapse_web/src/utils/deckExportImport.ts": {"path":"/Users/sho/Desktop/collapsevtt/collapse_web/src/utils/deckExportImport.ts","statementMap":{"0":{"start":{"line":15,"column":2},"end":{"line":15,"column":null}},"1":{"start":{"line":15,"column":39},"end":{"line":15,"column":null}},"2":{"start":{"line":17,"column":18},"end":{"line":17,"column":null}},"3":{"start":{"line":17,"column":47},"end":{"line":17,"column":51}},"4":{"start":{"line":18,"column":17},"end":{"line":18,"column":null}},"5":{"start":{"line":18,"column":45},"end":{"line":18,"column":49}},"6":{"start":{"line":20,"column":33},"end":{"line":20,"column":null}},"7":{"start":{"line":22,"column":2},"end":{"line":22,"column":null}},"8":{"start":{"line":22,"column":48},"end":{"line":22,"column":null}},"9":{"start":{"line":24,"column":2},"end":{"line":24,"column":null}},"10":{"start":{"line":24,"column":31},"end":{"line":24,"column":null}},"11":{"start":{"line":24,"column":88},"end":{"line":24,"column":109}},"12":{"start":{"line":26,"column":2},"end":{"line":29,"column":null}},"13":{"start":{"line":27,"column":20},"end":{"line":27,"column":null}},"14":{"start":{"line":27,"column":70},"end":{"line":27,"column":109}},"15":{"start":{"line":28,"column":4},"end":{"line":28,"column":null}},"16":{"start":{"line":31,"column":2},"end":{"line":34,"column":null}},"17":{"start":{"line":32,"column":20},"end":{"line":32,"column":null}},"18":{"start":{"line":32,"column":69},"end":{"line":32,"column":107}},"19":{"start":{"line":33,"column":4},"end":{"line":33,"column":null}},"20":{"start":{"line":36,"column":2},"end":{"line":36,"column":null}},"21":{"start":{"line":36,"column":41},"end":{"line":36,"column":null}},"22":{"start":{"line":37,"column":2},"end":{"line":37,"column":null}},"23":{"start":{"line":37,"column":48},"end":{"line":37,"column":null}},"24":{"start":{"line":38,"column":2},"end":{"line":38,"column":null}},"25":{"start":{"line":38,"column":58},"end":{"line":38,"column":null}},"26":{"start":{"line":41,"column":2},"end":{"line":41,"column":null}},"27":{"start":{"line":41,"column":69},"end":{"line":41,"column":null}},"28":{"start":{"line":43,"column":2},"end":{"line":43,"column":null}},"29":{"start":{"line":47,"column":12},"end":{"line":47,"column":null}},"30":{"start":{"line":48,"column":15},"end":{"line":48,"column":null}},"31":{"start":{"line":49,"column":12},"end":{"line":49,"column":null}},"32":{"start":{"line":50,"column":2},"end":{"line":50,"column":null}},"33":{"start":{"line":51,"column":2},"end":{"line":51,"column":null}},"34":{"start":{"line":52,"column":2},"end":{"line":52,"column":null}},"35":{"start":{"line":53,"column":2},"end":{"line":53,"column":null}},"36":{"start":{"line":54,"column":2},"end":{"line":54,"column":null}},"37":{"start":{"line":55,"column":2},"end":{"line":55,"column":null}},"38":{"start":{"line":55,"column":19},"end":{"line":55,"column":48}}},"fnMap":{"0":{"name":"validateImportedDeck","decl":{"start":{"line":14,"column":16},"end":{"line":14,"column":37}},"loc":{"start":{"line":14,"column":84},"end":{"line":44,"column":null}}},"1":{"name":"(anonymous_1)","decl":{"start":{"line":17,"column":40},"end":{"line":17,"column":41}},"loc":{"start":{"line":17,"column":47},"end":{"line":17,"column":51}}},"2":{"name":"(anonymous_2)","decl":{"start":{"line":18,"column":38},"end":{"line":18,"column":39}},"loc":{"start":{"line":18,"column":45},"end":{"line":18,"column":49}}},"3":{"name":"(anonymous_3)","decl":{"start":{"line":24,"column":63},"end":{"line":24,"column":64}},"loc":{"start":{"line":24,"column":88},"end":{"line":24,"column":109}}},"4":{"name":"(anonymous_4)","decl":{"start":{"line":27,"column":58},"end":{"line":27,"column":59}},"loc":{"start":{"line":27,"column":70},"end":{"line":27,"column":109}}},"5":{"name":"(anonymous_5)","decl":{"start":{"line":32,"column":57},"end":{"line":32,"column":58}},"loc":{"start":{"line":32,"column":69},"end":{"line":32,"column":107}}},"6":{"name":"exportObjectAsJSON","decl":{"start":{"line":46,"column":16},"end":{"line":46,"column":35}},"loc":{"start":{"line":46,"column":66},"end":{"line":56,"column":null}}},"7":{"name":"(anonymous_7)","decl":{"start":{"line":55,"column":13},"end":{"line":55,"column":19}},"loc":{"start":{"line":55,"column":19},"end":{"line":55,"column":48}}}},"branchMap":{"0":{"loc":{"start":{"line":15,"column":2},"end":{"line":15,"column":null}},"type":"if","locations":[{"start":{"line":15,"column":2},"end":{"line":15,"column":null}},{"start":{"line":15,"column":2},"end":{"line":15,"column":null}}]},"1":{"loc":{"start":{"line":15,"column":6},"end":{"line":15,"column":39}},"type":"binary-expr","locations":[{"start":{"line":15,"column":6},"end":{"line":15,"column":14}},{"start":{"line":15,"column":14},"end":{"line":15,"column":39}}]},"2":{"loc":{"start":{"line":22,"column":2},"end":{"line":22,"column":null}},"type":"if","locations":[{"start":{"line":22,"column":2},"end":{"line":22,"column":null}},{"start":{"line":22,"column":2},"end":{"line":22,"column":null}}]},"3":{"loc":{"start":{"line":22,"column":6},"end":{"line":22,"column":48}},"type":"binary-expr","locations":[{"start":{"line":22,"column":6},"end":{"line":22,"column":18}},{"start":{"line":22,"column":18},"end":{"line":22,"column":48}}]},"4":{"loc":{"start":{"line":24,"column":2},"end":{"line":24,"column":null}},"type":"if","locations":[{"start":{"line":24,"column":2},"end":{"line":24,"column":null}},{"start":{"line":24,"column":2},"end":{"line":24,"column":null}}]},"5":{"loc":{"start":{"line":26,"column":2},"end":{"line":29,"column":null}},"type":"if","locations":[{"start":{"line":26,"column":2},"end":{"line":29,"column":null}},{"start":{"line":26,"column":2},"end":{"line":29,"column":null}}]},"6":{"loc":{"start":{"line":26,"column":6},"end":{"line":26,"column":60}},"type":"binary-expr","locations":[{"start":{"line":26,"column":6},"end":{"line":26,"column":24}},{"start":{"line":26,"column":24},"end":{"line":26,"column":60}}]},"7":{"loc":{"start":{"line":27,"column":70},"end":{"line":27,"column":109}},"type":"binary-expr","locations":[{"start":{"line":27,"column":70},"end":{"line":27,"column":88}},{"start":{"line":27,"column":88},"end":{"line":27,"column":109}}]},"8":{"loc":{"start":{"line":31,"column":2},"end":{"line":34,"column":null}},"type":"if","locations":[{"start":{"line":31,"column":2},"end":{"line":34,"column":null}},{"start":{"line":31,"column":2},"end":{"line":34,"column":null}}]},"9":{"loc":{"start":{"line":31,"column":6},"end":{"line":31,"column":58}},"type":"binary-expr","locations":[{"start":{"line":31,"column":6},"end":{"line":31,"column":23}},{"start":{"line":31,"column":23},"end":{"line":31,"column":58}}]},"10":{"loc":{"start":{"line":32,"column":69},"end":{"line":32,"column":107}},"type":"binary-expr","locations":[{"start":{"line":32,"column":69},"end":{"line":32,"column":86}},{"start":{"line":32,"column":86},"end":{"line":32,"column":107}}]},"11":{"loc":{"start":{"line":36,"column":2},"end":{"line":36,"column":null}},"type":"if","locations":[{"start":{"line":36,"column":2},"end":{"line":36,"column":null}},{"start":{"line":36,"column":2},"end":{"line":36,"column":null}}]},"12":{"loc":{"start":{"line":37,"column":2},"end":{"line":37,"column":null}},"type":"if","locations":[{"start":{"line":37,"column":2},"end":{"line":37,"column":null}},{"start":{"line":37,"column":2},"end":{"line":37,"column":null}}]},"13":{"loc":{"start":{"line":38,"column":2},"end":{"line":38,"column":null}},"type":"if","locations":[{"start":{"line":38,"column":2},"end":{"line":38,"column":null}},{"start":{"line":38,"column":2},"end":{"line":38,"column":null}}]},"14":{"loc":{"start":{"line":38,"column":6},"end":{"line":38,"column":58}},"type":"binary-expr","locations":[{"start":{"line":38,"column":6},"end":{"line":38,"column":23}},{"start":{"line":38,"column":23},"end":{"line":38,"column":58}}]},"15":{"loc":{"start":{"line":41,"column":2},"end":{"line":41,"column":null}},"type":"if","locations":[{"start":{"line":41,"column":2},"end":{"line":41,"column":null}},{"start":{"line":41,"column":2},"end":{"line":41,"column":null}}]},"16":{"loc":{"start":{"line":41,"column":6},"end":{"line":41,"column":69}},"type":"binary-expr","locations":[{"start":{"line":41,"column":6},"end":{"line":41,"column":24}},{"start":{"line":41,"column":24},"end":{"line":41,"column":48}},{"start":{"line":41,"column":48},"end":{"line":41,"column":69}}]}},"s":{"0":5,"1":2,"2":3,"3":6,"4":3,"5":3,"6":3,"7":3,"8":1,"9":3,"10":2,"11":6,"12":3,"13":2,"14":4,"15":2,"16":3,"17":2,"18":3,"19":2,"20":3,"21":1,"22":3,"23":1,"24":3,"25":0,"26":3,"27":1,"28":2,"29":0,"30":0,"31":0,"32":0,"33":0,"34":0,"35":0,"36":0,"37":0,"38":0},"f":{"0":5,"1":6,"2":3,"3":6,"4":4,"5":3,"6":0,"7":0},"b":{"0":[2,3],"1":[5,4],"2":[1,2],"3":[3,1],"4":[2,1],"5":[2,1],"6":[3,2],"7":[4,3],"8":[2,1],"9":[3,2],"10":[3,2],"11":[1,2],"12":[1,2],"13":[0,3],"14":[3,0],"15":[1,2],"16":[3,1,1]}}
,"/Users/sho/Desktop/collapsevtt/collapse_web/src/utils/grouping.ts": {"path":"/Users/sho/Desktop/collapsevtt/collapse_web/src/utils/grouping.ts","statementMap":{"0":{"start":{"line":6,"column":2},"end":{"line":9,"column":null}},"1":{"start":{"line":7,"column":4},"end":{"line":7,"column":null}},"2":{"start":{"line":8,"column":4},"end":{"line":8,"column":null}},"3":{"start":{"line":15,"column":16},"end":{"line":15,"column":null}},"4":{"start":{"line":16,"column":2},"end":{"line":16,"column":null}}},"fnMap":{"0":{"name":"groupCounts","decl":{"start":{"line":5,"column":16},"end":{"line":5,"column":28}},"loc":{"start":{"line":5,"column":53},"end":{"line":10,"column":null}}},"1":{"name":"(anonymous_1)","decl":{"start":{"line":6,"column":46},"end":{"line":6,"column":47}},"loc":{"start":{"line":6,"column":59},"end":{"line":9,"column":5}}},"2":{"name":"computeReturnableCount","decl":{"start":{"line":14,"column":16},"end":{"line":14,"column":39}},"loc":{"start":{"line":14,"column":106},"end":{"line":17,"column":null}}}},"branchMap":{"0":{"loc":{"start":{"line":7,"column":18},"end":{"line":7,"column":37}},"type":"binary-expr","locations":[{"start":{"line":7,"column":18},"end":{"line":7,"column":32}},{"start":{"line":7,"column":32},"end":{"line":7,"column":37}}]}},"s":{"0":2,"1":5,"2":5,"3":3,"4":3},"f":{"0":2,"1":5,"2":3},"b":{"0":[5,3]}}
,"/Users/sho/Desktop/collapsevtt/collapse_web/src/utils/modCapacity.ts": {"path":"/Users/sho/Desktop/collapsevtt/collapse_web/src/utils/modCapacity.ts","statementMap":{"0":{"start":{"line":5,"column":34},"end":{"line":10,"column":null}},"1":{"start":{"line":6,"column":2},"end":{"line":10,"column":null}},"2":{"start":{"line":7,"column":16},"end":{"line":7,"column":null}},"3":{"start":{"line":8,"column":17},"end":{"line":8,"column":null}},"4":{"start":{"line":9,"column":4},"end":{"line":9,"column":null}},"5":{"start":{"line":12,"column":33},"end":{"line":16,"column":null}},"6":{"start":{"line":13,"column":15},"end":{"line":13,"column":null}},"7":{"start":{"line":13,"column":36},"end":{"line":13,"column":51}},"8":{"start":{"line":14,"column":15},"end":{"line":14,"column":null}},"9":{"start":{"line":15,"column":2},"end":{"line":15,"column":null}}},"fnMap":{"0":{"name":"(anonymous_0)","decl":{"start":{"line":5,"column":34},"end":{"line":5,"column":35}},"loc":{"start":{"line":6,"column":2},"end":{"line":10,"column":null}}},"1":{"name":"(anonymous_1)","decl":{"start":{"line":6,"column":18},"end":{"line":6,"column":19}},"loc":{"start":{"line":6,"column":35},"end":{"line":10,"column":5}}},"2":{"name":"(anonymous_2)","decl":{"start":{"line":12,"column":33},"end":{"line":12,"column":34}},"loc":{"start":{"line":12,"column":88},"end":{"line":16,"column":null}}},"3":{"name":"(anonymous_3)","decl":{"start":{"line":13,"column":29},"end":{"line":13,"column":30}},"loc":{"start":{"line":13,"column":36},"end":{"line":13,"column":51}}}},"branchMap":{"0":{"loc":{"start":{"line":7,"column":16},"end":{"line":7,"column":null}},"type":"binary-expr","locations":[{"start":{"line":7,"column":16},"end":{"line":7,"column":38}},{"start":{"line":7,"column":38},"end":{"line":7,"column":null}}]},"1":{"loc":{"start":{"line":8,"column":17},"end":{"line":8,"column":null}},"type":"binary-expr","locations":[{"start":{"line":8,"column":17},"end":{"line":8,"column":30}},{"start":{"line":8,"column":30},"end":{"line":8,"column":null}}]},"2":{"loc":{"start":{"line":14,"column":15},"end":{"line":14,"column":null}},"type":"binary-expr","locations":[{"start":{"line":14,"column":15},"end":{"line":14,"column":29}},{"start":{"line":14,"column":29},"end":{"line":14,"column":null}}]}},"s":{"0":1,"1":5,"2":10,"3":10,"4":10,"5":1,"6":4,"7":6,"8":4,"9":4},"f":{"0":5,"1":10,"2":4,"3":6},"b":{"0":[10,0],"1":[10,0],"2":[4,0]}}
,"/Users/sho/Desktop/collapsevtt/collapse_web/src/utils/playFlow.ts": {"path":"/Users/sho/Desktop/collapsevtt/collapse_web/src/utils/playFlow.ts","statementMap":{"0":{"start":{"line":5,"column":2},"end":{"line":5,"column":null}},"1":{"start":{"line":5,"column":38},"end":{"line":5,"column":null}},"2":{"start":{"line":6,"column":2},"end":{"line":6,"column":null}},"3":{"start":{"line":16,"column":2},"end":{"line":16,"column":null}},"4":{"start":{"line":16,"column":13},"end":{"line":16,"column":null}},"5":{"start":{"line":17,"column":15},"end":{"line":17,"column":null}},"6":{"start":{"line":18,"column":14},"end":{"line":18,"column":null}},"7":{"start":{"line":20,"column":2},"end":{"line":23,"column":null}},"8":{"start":{"line":21,"column":4},"end":{"line":21,"column":null}},"9":{"start":{"line":22,"column":4},"end":{"line":22,"column":null}},"10":{"start":{"line":26,"column":17},"end":{"line":26,"column":null}},"11":{"start":{"line":27,"column":24},"end":{"line":27,"column":null}},"12":{"start":{"line":27,"column":43},"end":{"line":27,"column":55}},"13":{"start":{"line":28,"column":2},"end":{"line":28,"column":null}},"14":{"start":{"line":28,"column":35},"end":{"line":28,"column":null}},"15":{"start":{"line":31,"column":22},"end":{"line":31,"column":null}},"16":{"start":{"line":31,"column":44},"end":{"line":31,"column":69}},"17":{"start":{"line":32,"column":21},"end":{"line":32,"column":null}},"18":{"start":{"line":33,"column":2},"end":{"line":33,"column":null}},"19":{"start":{"line":33,"column":43},"end":{"line":33,"column":null}},"20":{"start":{"line":34,"column":2},"end":{"line":34,"column":null}},"21":{"start":{"line":35,"column":2},"end":{"line":35,"column":null}},"22":{"start":{"line":39,"column":2},"end":{"line":39,"column":null}},"23":{"start":{"line":39,"column":19},"end":{"line":39,"column":null}},"24":{"start":{"line":40,"column":2},"end":{"line":40,"column":null}},"25":{"start":{"line":44,"column":2},"end":{"line":44,"column":null}}},"fnMap":{"0":{"name":"startPlaySelection","decl":{"start":{"line":4,"column":16},"end":{"line":4,"column":35}},"loc":{"start":{"line":4,"column":81},"end":{"line":7,"column":null}}},"1":{"name":"toggleAttach","decl":{"start":{"line":9,"column":16},"end":{"line":9,"column":null}},"loc":{"start":{"line":15,"column":14},"end":{"line":36,"column":null}}},"2":{"name":"(anonymous_2)","decl":{"start":{"line":27,"column":36},"end":{"line":27,"column":37}},"loc":{"start":{"line":27,"column":43},"end":{"line":27,"column":55}}},"3":{"name":"(anonymous_3)","decl":{"start":{"line":31,"column":34},"end":{"line":31,"column":35}},"loc":{"start":{"line":31,"column":44},"end":{"line":31,"column":69}}},"4":{"name":"finalizeSelection","decl":{"start":{"line":38,"column":16},"end":{"line":38,"column":34}},"loc":{"start":{"line":38,"column":86},"end":{"line":41,"column":null}}},"5":{"name":"cancelSelection","decl":{"start":{"line":43,"column":16},"end":{"line":43,"column":32}},"loc":{"start":{"line":43,"column":56},"end":{"line":45,"column":null}}}},"branchMap":{"0":{"loc":{"start":{"line":5,"column":2},"end":{"line":5,"column":null}},"type":"if","locations":[{"start":{"line":5,"column":2},"end":{"line":5,"column":null}},{"start":{"line":5,"column":2},"end":{"line":5,"column":null}}]},"1":{"loc":{"start":{"line":5,"column":6},"end":{"line":5,"column":38}},"type":"binary-expr","locations":[{"start":{"line":5,"column":6},"end":{"line":5,"column":14}},{"start":{"line":5,"column":14},"end":{"line":5,"column":38}}]},"2":{"loc":{"start":{"line":16,"column":2},"end":{"line":16,"column":null}},"type":"if","locations":[{"start":{"line":16,"column":2},"end":{"line":16,"column":null}},{"start":{"line":16,"column":2},"end":{"line":16,"column":null}}]},"3":{"loc":{"start":{"line":20,"column":2},"end":{"line":23,"column":null}},"type":"if","locations":[{"start":{"line":20,"column":2},"end":{"line":23,"column":null}},{"start":{"line":20,"column":2},"end":{"line":23,"column":null}}]},"4":{"loc":{"start":{"line":26,"column":17},"end":{"line":26,"column":null}},"type":"binary-expr","locations":[{"start":{"line":26,"column":17},"end":{"line":26,"column":39}},{"start":{"line":26,"column":39},"end":{"line":26,"column":null}}]},"5":{"loc":{"start":{"line":28,"column":2},"end":{"line":28,"column":null}},"type":"if","locations":[{"start":{"line":28,"column":2},"end":{"line":28,"column":null}},{"start":{"line":28,"column":2},"end":{"line":28,"column":null}}]},"6":{"loc":{"start":{"line":31,"column":49},"end":{"line":31,"column":69}},"type":"binary-expr","locations":[{"start":{"line":31,"column":49},"end":{"line":31,"column":65}},{"start":{"line":31,"column":65},"end":{"line":31,"column":69}}]},"7":{"loc":{"start":{"line":32,"column":21},"end":{"line":32,"column":null}},"type":"binary-expr","locations":[{"start":{"line":32,"column":21},"end":{"line":32,"column":42}},{"start":{"line":32,"column":42},"end":{"line":32,"column":null}}]},"8":{"loc":{"start":{"line":33,"column":2},"end":{"line":33,"column":null}},"type":"if","locations":[{"start":{"line":33,"column":2},"end":{"line":33,"column":null}},{"start":{"line":33,"column":2},"end":{"line":33,"column":null}}]},"9":{"loc":{"start":{"line":39,"column":2},"end":{"line":39,"column":null}},"type":"if","locations":[{"start":{"line":39,"column":2},"end":{"line":39,"column":null}},{"start":{"line":39,"column":2},"end":{"line":39,"column":null}}]}},"s":{"0":0,"1":0,"2":0,"3":0,"4":0,"5":0,"6":0,"7":0,"8":0,"9":0,"10":0,"11":0,"12":0,"13":0,"14":0,"15":0,"16":0,"17":0,"18":0,"19":0,"20":0,"21":0,"22":0,"23":0,"24":0,"25":0},"f":{"0":0,"1":0,"2":0,"3":0,"4":0,"5":0},"b":{"0":[0,0],"1":[0,0],"2":[0,0],"3":[0,0],"4":[0,0],"5":[0,0],"6":[0,0],"7":[0,0],"8":[0,0],"9":[0,0]}}
}
